d:\project\learnc++\qt_pro\digitalarrays\digitalarrays\x64\debug\vc143.pdb
d:\project\learnc++\qt_pro\digitalarrays\digitalarrays\x64\debug\qrc_digitalarrays.obj
d:\project\learnc++\qt_pro\digitalarrays\digitalarrays\x64\debug\qcustomplot.obj
d:\project\learnc++\qt_pro\digitalarrays\digitalarrays\x64\debug\main.obj
d:\project\learnc++\qt_pro\digitalarrays\digitalarrays\x64\debug\ringbuffer.obj
d:\project\learnc++\qt_pro\digitalarrays\digitalarrays\x64\debug\digitalarrays.obj
d:\project\learnc++\qt_pro\digitalarrays\digitalarrays\x64\debug\multithread.obj
d:\project\learnc++\qt_pro\digitalarrays\digitalarrays\x64\debug\moc_qcustomplot.obj
d:\project\learnc++\qt_pro\digitalarrays\digitalarrays\x64\debug\moc_multithread.obj
d:\project\learnc++\qt_pro\digitalarrays\digitalarrays\x64\debug\moc_digitalarrays.obj
d:\project\learnc++\qt_pro\digitalarrays\digitalarrays\x64\debug\qt\uic\ui_digitalarrays.h
d:\project\learnc++\qt_pro\digitalarrays\digitalarrays\x64\debug\qt\rcc\qrc_digitalarrays.cpp
d:\project\learnc++\qt_pro\digitalarrays\digitalarrays\x64\debug\qt\moc\moc_digitalarrays.cpp
d:\project\learnc++\qt_pro\digitalarrays\digitalarrays\x64\debug\qt\moc\moc_multithread.cpp
d:\project\learnc++\qt_pro\digitalarrays\digitalarrays\x64\debug\qt\moc\moc_qcustomplot.cpp
d:\project\learnc++\qt_pro\digitalarrays\digitalarrays\x64\debug\digitalarrays.ilk
d:\project\learnc++\qt_pro\digitalarrays\x64\debug\digitalarrays.exe
d:\project\learnc++\qt_pro\digitalarrays\x64\debug\digitalarrays.pdb
d:\project\learnc++\qt_pro\digitalarrays\digitalarrays\x64\debug\digitalarrays.res
d:\project\learnc++\qt_pro\digitalarrays\digitalarrays\x64\debug\digitalarrays.tlog\cl.command.1.tlog
d:\project\learnc++\qt_pro\digitalarrays\digitalarrays\x64\debug\digitalarrays.tlog\cl.items.tlog
d:\project\learnc++\qt_pro\digitalarrays\digitalarrays\x64\debug\digitalarrays.tlog\cl.read.1.tlog
d:\project\learnc++\qt_pro\digitalarrays\digitalarrays\x64\debug\digitalarrays.tlog\cl.write.1.tlog
d:\project\learnc++\qt_pro\digitalarrays\digitalarrays\x64\debug\digitalarrays.tlog\digitalarrays.write.1u.tlog
d:\project\learnc++\qt_pro\digitalarrays\digitalarrays\x64\debug\digitalarrays.tlog\link.command.1.tlog
d:\project\learnc++\qt_pro\digitalarrays\digitalarrays\x64\debug\digitalarrays.tlog\link.read.1.tlog
d:\project\learnc++\qt_pro\digitalarrays\digitalarrays\x64\debug\digitalarrays.tlog\link.write.1.tlog
d:\project\learnc++\qt_pro\digitalarrays\digitalarrays\x64\debug\digitalarrays.tlog\moc.read.1u.tlog
d:\project\learnc++\qt_pro\digitalarrays\digitalarrays\x64\debug\digitalarrays.tlog\moc.write.1u.tlog
d:\project\learnc++\qt_pro\digitalarrays\digitalarrays\x64\debug\digitalarrays.tlog\rc.command.1.tlog
d:\project\learnc++\qt_pro\digitalarrays\digitalarrays\x64\debug\digitalarrays.tlog\rc.read.1.tlog
d:\project\learnc++\qt_pro\digitalarrays\digitalarrays\x64\debug\digitalarrays.tlog\rc.write.1.tlog
d:\project\learnc++\qt_pro\digitalarrays\digitalarrays\x64\debug\digitalarrays.tlog\rcc.read.1u.tlog
d:\project\learnc++\qt_pro\digitalarrays\digitalarrays\x64\debug\digitalarrays.tlog\rcc.write.1u.tlog
d:\project\learnc++\qt_pro\digitalarrays\digitalarrays\x64\debug\digitalarrays.tlog\uic.read.1u.tlog
d:\project\learnc++\qt_pro\digitalarrays\digitalarrays\x64\debug\digitalarrays.tlog\uic.write.1u.tlog
