d:\project\learnc++\qt_pro\digitalarrays\digitalarrays\x64\release\vc143.pdb
d:\project\learnc++\qt_pro\digitalarrays\digitalarrays\x64\release\qrc_digitalarrays.obj
d:\project\learnc++\qt_pro\digitalarrays\digitalarrays\x64\release\digitalarrays.obj
d:\project\learnc++\qt_pro\digitalarrays\digitalarrays\x64\release\multithread.obj
d:\project\learnc++\qt_pro\digitalarrays\digitalarrays\x64\release\main.obj
d:\project\learnc++\qt_pro\digitalarrays\digitalarrays\x64\release\ringbuffer.obj
d:\project\learnc++\qt_pro\digitalarrays\digitalarrays\x64\release\qcustomplot.obj
d:\project\learnc++\qt_pro\digitalarrays\digitalarrays\x64\release\moc_multithread.obj
d:\project\learnc++\qt_pro\digitalarrays\digitalarrays\x64\release\moc_qcustomplot.obj
d:\project\learnc++\qt_pro\digitalarrays\digitalarrays\x64\release\moc_digitalarrays.obj
d:\project\learnc++\qt_pro\digitalarrays\digitalarrays\x64\release\qt\uic\ui_digitalarrays.h
d:\project\learnc++\qt_pro\digitalarrays\digitalarrays\x64\release\qt\rcc\qrc_digitalarrays.cpp
d:\project\learnc++\qt_pro\digitalarrays\digitalarrays\x64\release\qt\moc\moc_digitalarrays.cpp
d:\project\learnc++\qt_pro\digitalarrays\digitalarrays\x64\release\qt\moc\moc_multithread.cpp
d:\project\learnc++\qt_pro\digitalarrays\digitalarrays\x64\release\qt\moc\moc_qcustomplot.cpp
d:\project\learnc++\qt_pro\digitalarrays\x64\release\digitalarrays.exe
d:\project\learnc++\qt_pro\digitalarrays\digitalarrays\x64\release\digitalarrays.ipdb
d:\project\learnc++\qt_pro\digitalarrays\digitalarrays\x64\release\digitalarrays.iobj
d:\project\learnc++\qt_pro\digitalarrays\digitalarrays\x64\release\digitalarrays.res
d:\project\learnc++\qt_pro\digitalarrays\digitalarrays\x64\release\digitalarrays.tlog\cl.command.1.tlog
d:\project\learnc++\qt_pro\digitalarrays\digitalarrays\x64\release\digitalarrays.tlog\cl.items.tlog
d:\project\learnc++\qt_pro\digitalarrays\digitalarrays\x64\release\digitalarrays.tlog\cl.read.1.tlog
d:\project\learnc++\qt_pro\digitalarrays\digitalarrays\x64\release\digitalarrays.tlog\cl.write.1.tlog
d:\project\learnc++\qt_pro\digitalarrays\digitalarrays\x64\release\digitalarrays.tlog\digitalarrays.write.1u.tlog
d:\project\learnc++\qt_pro\digitalarrays\digitalarrays\x64\release\digitalarrays.tlog\link.command.1.tlog
d:\project\learnc++\qt_pro\digitalarrays\digitalarrays\x64\release\digitalarrays.tlog\link.read.1.tlog
d:\project\learnc++\qt_pro\digitalarrays\digitalarrays\x64\release\digitalarrays.tlog\link.write.1.tlog
d:\project\learnc++\qt_pro\digitalarrays\digitalarrays\x64\release\digitalarrays.tlog\moc.read.1u.tlog
d:\project\learnc++\qt_pro\digitalarrays\digitalarrays\x64\release\digitalarrays.tlog\moc.write.1u.tlog
d:\project\learnc++\qt_pro\digitalarrays\digitalarrays\x64\release\digitalarrays.tlog\rc.command.1.tlog
d:\project\learnc++\qt_pro\digitalarrays\digitalarrays\x64\release\digitalarrays.tlog\rc.read.1.tlog
d:\project\learnc++\qt_pro\digitalarrays\digitalarrays\x64\release\digitalarrays.tlog\rc.write.1.tlog
d:\project\learnc++\qt_pro\digitalarrays\digitalarrays\x64\release\digitalarrays.tlog\rcc.read.1u.tlog
d:\project\learnc++\qt_pro\digitalarrays\digitalarrays\x64\release\digitalarrays.tlog\rcc.write.1u.tlog
d:\project\learnc++\qt_pro\digitalarrays\digitalarrays\x64\release\digitalarrays.tlog\uic.read.1u.tlog
d:\project\learnc++\qt_pro\digitalarrays\digitalarrays\x64\release\digitalarrays.tlog\uic.write.1u.tlog
